Vivado Simulator 2020.1
Copyright 1986-1999, 2001-2020 Xilinx, Inc. All Rights Reserved.
Running: C:/Xilinx/Vivado/2020.1/bin/unwrapped/win64.o/xelab.exe -wto f06700d5c8d34c81acc7c7209184b326 --incr --debug typical --relax --mt 2 -L xil_defaultlib -L unisims_ver -L unimacro_ver -L secureip --snapshot tb_behav xil_defaultlib.tb xil_defaultlib.glbl -log elaborate.log 
Using 2 slave threads.
Starting static elaboration
Pass Through NonSizing Optimizer
Completed static elaboration
Starting simulation data flow analysis
Completed simulation data flow analysis
Time Resolution for simulation is 1ps
Compiling module xil_defaultlib.mux2x1
Compiling module xil_defaultlib.Program_Counter
Compiling module xil_defaultlib.Adder
Compiling module xil_defaultlib.Instruction_Memory
Compiling module xil_defaultlib.IF_ID
Compiling module xil_defaultlib.Hazard_Detection
Compiling module xil_defaultlib.Instruction_Parser
Compiling module xil_defaultlib.Control_Unit
Compiling module xil_defaultlib.registerFile
Compiling module xil_defaultlib.data_extractor
Compiling module xil_defaultlib.ID_EX
Compiling module xil_defaultlib.ALU_Control
Compiling module xil_defaultlib.mux3x1
Compiling module xil_defaultlib.alu_64
Compiling module xil_defaultlib.Forwarding_Unit
Compiling module xil_defaultlib.EX_MEM
Compiling module xil_defaultlib.Branch_Control
Compiling module xil_defaultlib.Data_Memory
Compiling module xil_defaultlib.MEM_WB
Compiling module xil_defaultlib.RISC_V_Processor
Compiling module xil_defaultlib.tb
Compiling module xil_defaultlib.glbl
Built simulation snapshot tb_behav
